# JRE version: OpenJDK Runtime Environment (Zulu 8.78.0.19-CA-linux64) (8.0_412-b08) (build 1.8.0_412-b08)
# Java VM: OpenJDK 64-Bit Server VM (25.412-b08 mixed mode linux-amd64 compressed oops)
Heap:
 PSYoungGen      total 195584K, used 4443K [0x000000076e200000, 0x00000007a2f80000, 0x00000007c0000000)
  eden space 194560K, 2% used [0x000000076e200000,0x000000076e5cecc8,0x000000077a000000)
  from space 1024K, 53% used [0x00000007a2e80000,0x00000007a2f08000,0x00000007a2f80000)
  to   space 2560K, 0% used [0x00000007a2a80000,0x00000007a2a80000,0x00000007a2d00000)
 ParOldGen       total 167936K, used 13132K [0x00000006ca600000, 0x00000006d4a00000, 0x000000076e200000)
  object space 167936K, 7% used [0x00000006ca600000,0x00000006cb2d3318,0x00000006d4a00000)
 Metaspace       used 15525K, capacity 16231K, committed 16512K, reserved 1062912K
  class space    used 2011K, capacity 2350K, committed 2432K, reserved 1048576K
GC Heap History (10 events):
Event: 20.450 GC heap before
{Heap before GC invocations=42 (full 0):
 PSYoungGen      total 239104K, used 235616K [0x000000076e200000, 0x00000007a3600000, 0x00000007c0000000)
  eden space 235520K, 100% used [0x000000076e200000,0x000000077c800000,0x000000077c800000)
  from space 3584K, 2% used [0x00000007a2f00000,0x00000007a2f18000,0x00000007a3280000)
  to   space 3072K, 0% used [0x00000007a3300000,0x00000007a3300000,0x00000007a3600000)
 ParOldGen       total 167936K, used 13052K [0x00000006ca600000, 0x00000006d4a00000, 0x000000076e200000)
  object space 167936K, 7% used [0x00000006ca600000,0x00000006cb2bf318,0x00000006d4a00000)
 Metaspace       used 15500K, capacity 16167K, committed 16256K, reserved 1062912K
  class space    used 2010K, capacity 2350K, committed 2432K, reserved 1048576K
Event: 20.451 GC heap after
Heap after GC invocations=42 (full 0):
 PSYoungGen      total 226816K, used 128K [0x000000076e200000, 0x00000007a3380000, 0x00000007c0000000)
  eden space 226304K, 0% used [0x000000076e200000,0x000000076e200000,0x000000077bf00000)
  from space 512K, 25% used [0x00000007a3300000,0x00000007a3320000,0x00000007a3380000)
  to   space 3072K, 0% used [0x00000007a2d80000,0x00000007a2d80000,0x00000007a3080000)
 ParOldGen       total 167936K, used 13060K [0x00000006ca600000, 0x00000006d4a00000, 0x000000076e200000)
  object space 167936K, 7% used [0x00000006ca600000,0x00000006cb2c1318,0x00000006d4a00000)
 Metaspace       used 15500K, capacity 16167K, committed 16256K, reserved 1062912K
  class space    used 2010K, capacity 2350K, committed 2432K, reserved 1048576K
}
Event: 20.660 GC heap before
{Heap before GC invocations=43 (full 0):
 PSYoungGen      total 226816K, used 226432K [0x000000076e200000, 0x00000007a3380000, 0x00000007c0000000)
  eden space 226304K, 100% used [0x000000076e200000,0x000000077bf00000,0x000000077bf00000)
  from space 512K, 25% used [0x00000007a3300000,0x00000007a3320000,0x00000007a3380000)
  to   space 3072K, 0% used [0x00000007a2d80000,0x00000007a2d80000,0x00000007a3080000)
 ParOldGen       total 167936K, used 13060K [0x00000006ca600000, 0x00000006d4a00000, 0x000000076e200000)
  object space 167936K, 7% used [0x00000006ca600000,0x00000006cb2c1318,0x00000006d4a00000)
 Metaspace       used 15500K, capacity 16167K, committed 16256K, reserved 1062912K
  class space    used 2010K, capacity 2350K, committed 2432K, reserved 1048576K
Event: 20.661 GC heap after
Heap after GC invocations=43 (full 0):
 PSYoungGen      total 220672K, used 160K [0x000000076e200000, 0x00000007a3380000, 0x00000007c0000000)
  eden space 217600K, 0% used [0x000000076e200000,0x000000076e200000,0x000000077b680000)
  from space 3072K, 5% used [0x00000007a2d80000,0x00000007a2da8000,0x00000007a3080000)
  to   space 3072K, 0% used [0x00000007a3080000,0x00000007a3080000,0x00000007a3380000)
 ParOldGen       total 167936K, used 13076K [0x00000006ca600000, 0x00000006d4a00000, 0x000000076e200000)
  object space 167936K, 7% used [0x00000006ca600000,0x00000006cb2c5318,0x00000006d4a00000)
 Metaspace       used 15500K, capacity 16167K, committed 16256K, reserved 1062912K
  class space    used 2010K, capacity 2350K, committed 2432K, reserved 1048576K
}
Event: 20.862 GC heap before
{Heap before GC invocations=44 (full 0):
 PSYoungGen      total 220672K, used 217760K [0x000000076e200000, 0x00000007a3380000, 0x00000007c0000000)
  eden space 217600K, 100% used [0x000000076e200000,0x000000077b680000,0x000000077b680000)
  from space 3072K, 5% used [0x00000007a2d80000,0x00000007a2da8000,0x00000007a3080000)
  to   space 3072K, 0% used [0x00000007a3080000,0x00000007a3080000,0x00000007a3380000)
 ParOldGen       total 167936K, used 13076K [0x00000006ca600000, 0x00000006d4a00000, 0x000000076e200000)
  object space 167936K, 7% used [0x00000006ca600000,0x00000006cb2c5318,0x00000006d4a00000)
 Metaspace       used 15500K, capacity 16167K, committed 16256K, reserved 1062912K
  class space    used 2010K, capacity 2350K, committed 2432K, reserved 1048576K
Event: 20.863 GC heap after
Heap after GC invocations=44 (full 0):
 PSYoungGen      total 209920K, used 224K [0x000000076e200000, 0x00000007a3100000, 0x00000007c0000000)
  eden space 209408K, 0% used [0x000000076e200000,0x000000076e200000,0x000000077ae80000)
  from space 512K, 43% used [0x00000007a3080000,0x00000007a30b8000,0x00000007a3100000)
  to   space 2560K, 0% used [0x00000007a2c00000,0x00000007a2c00000,0x00000007a2e80000)
 ParOldGen       total 167936K, used 13100K [0x00000006ca600000, 0x00000006d4a00000, 0x000000076e200000)
  object space 167936K, 7% used [0x00000006ca600000,0x00000006cb2cb318,0x00000006d4a00000)
 Metaspace       used 15500K, capacity 16167K, committed 16256K, reserved 1062912K
  class space    used 2010K, capacity 2350K, committed 2432K, reserved 1048576K
}
Event: 21.058 GC heap before
{Heap before GC invocations=45 (full 0):
 PSYoungGen      total 209920K, used 209632K [0x000000076e200000, 0x00000007a3100000, 0x00000007c0000000)
  eden space 209408K, 100% used [0x000000076e200000,0x000000077ae80000,0x000000077ae80000)
  from space 512K, 43% used [0x00000007a3080000,0x00000007a30b8000,0x00000007a3100000)
  to   space 2560K, 0% used [0x00000007a2c00000,0x00000007a2c00000,0x00000007a2e80000)
 ParOldGen       total 167936K, used 13100K [0x00000006ca600000, 0x00000006d4a00000, 0x000000076e200000)
  object space 167936K, 7% used [0x00000006ca600000,0x00000006cb2cb318,0x00000006d4a00000)
 Metaspace       used 15500K, capacity 16167K, committed 16256K, reserved 1062912K
  class space    used 2010K, capacity 2350K, committed 2432K, reserved 1048576K
Event: 21.059 GC heap after
Heap after GC invocations=45 (full 0):
 PSYoungGen      total 204288K, used 96K [0x000000076e200000, 0x00000007a3100000, 0x00000007c0000000)
  eden space 201728K, 0% used [0x000000076e200000,0x000000076e200000,0x000000077a700000)
  from space 2560K, 3% used [0x00000007a2c00000,0x00000007a2c18000,0x00000007a2e80000)
  to   space 2560K, 0% used [0x00000007a2e80000,0x00000007a2e80000,0x00000007a3100000)
 ParOldGen       total 167936K, used 13116K [0x00000006ca600000, 0x00000006d4a00000, 0x000000076e200000)
  object space 167936K, 7% used [0x00000006ca600000,0x00000006cb2cf318,0x00000006d4a00000)
 Metaspace       used 15500K, capacity 16167K, committed 16256K, reserved 1062912K
  class space    used 2010K, capacity 2350K, committed 2432K, reserved 1048576K
}
Event: 898.067 GC heap before
{Heap before GC invocations=46 (full 0):
 PSYoungGen      total 204288K, used 201824K [0x000000076e200000, 0x00000007a3100000, 0x00000007c0000000)
  eden space 201728K, 100% used [0x000000076e200000,0x000000077a700000,0x000000077a700000)
  from space 2560K, 3% used [0x00000007a2c00000,0x00000007a2c18000,0x00000007a2e80000)
  to   space 2560K, 0% used [0x00000007a2e80000,0x00000007a2e80000,0x00000007a3100000)
 ParOldGen       total 167936K, used 13116K [0x00000006ca600000, 0x00000006d4a00000, 0x000000076e200000)
  object space 167936K, 7% used [0x00000006ca600000,0x00000006cb2cf318,0x00000006d4a00000)
 Metaspace       used 15514K, capacity 16167K, committed 16256K, reserved 1062912K
  class space    used 2010K, capacity 2350K, committed 2432K, reserved 1048576K
Event: 898.068 GC heap after
Heap after GC invocations=46 (full 0):
 PSYoungGen      total 195584K, used 544K [0x000000076e200000, 0x00000007a2f80000, 0x00000007c0000000)
  eden space 194560K, 0% used [0x000000076e200000,0x000000076e200000,0x000000077a000000)
  from space 1024K, 53% used [0x00000007a2e80000,0x00000007a2f08000,0x00000007a2f80000)
  to   space 2560K, 0% used [0x00000007a2a80000,0x00000007a2a80000,0x00000007a2d00000)
 ParOldGen       total 167936K, used 13132K [0x00000006ca600000, 0x00000006d4a00000, 0x000000076e200000)
  object space 167936K, 7% used [0x00000006ca600000,0x00000006cb2d3318,0x00000006d4a00000)
 Metaspace       used 15514K, capacity 16167K, committed 16256K, reserved 1062912K
  class space    used 2010K, capacity 2350K, committed 2432K, reserved 1048576K
}

