# JRE version: OpenJDK Runtime Environment (Zulu 8.78.0.19-CA-linux64) (8.0_412-b08) (build 1.8.0_412-b08)
# Java VM: OpenJDK 64-Bit Server VM (25.412-b08 mixed mode linux-amd64 compressed oops)
Heap:
 PSYoungGen      total 139264K, used 105286K [0x000000076e200000, 0x00000007a2500000, 0x00000007c0000000)
  eden space 138240K, 76% used [0x000000076e200000,0x0000000774899ae0,0x0000000776900000)
  from space 1024K, 21% used [0x00000007a2300000,0x00000007a2338000,0x00000007a2400000)
  to   space 1024K, 0% used [0x00000007a2400000,0x00000007a2400000,0x00000007a2500000)
 ParOldGen       total 167936K, used 14074K [0x00000006ca600000, 0x00000006d4a00000, 0x000000076e200000)
  object space 167936K, 8% used [0x00000006ca600000,0x00000006cb3be928,0x00000006d4a00000)
 Metaspace       used 15396K, capacity 16097K, committed 16256K, reserved 1062912K
  class space    used 2003K, capacity 2349K, committed 2432K, reserved 1048576K
GC Heap History (10 events):
Event: 1580.242 GC heap before
{Heap before GC invocations=63 (full 0):
 PSYoungGen      total 106496K, used 106080K [0x000000076e200000, 0x00000007a2600000, 0x00000007c0000000)
  eden space 105984K, 100% used [0x000000076e200000,0x0000000774980000,0x0000000774980000)
  from space 512K, 18% used [0x00000007a2580000,0x00000007a2598000,0x00000007a2600000)
  to   space 1024K, 0% used [0x00000007a2400000,0x00000007a2400000,0x00000007a2500000)
 ParOldGen       total 167936K, used 14066K [0x00000006ca600000, 0x00000006d4a00000, 0x000000076e200000)
  object space 167936K, 8% used [0x00000006ca600000,0x00000006cb3bc928,0x00000006d4a00000)
 Metaspace       used 15396K, capacity 16097K, committed 16256K, reserved 1062912K
  class space    used 2003K, capacity 2349K, committed 2432K, reserved 1048576K
Event: 1580.243 GC heap after
Heap after GC invocations=63 (full 0):
 PSYoungGen      total 128512K, used 96K [0x000000076e200000, 0x00000007a2600000, 0x00000007c0000000)
  eden space 127488K, 0% used [0x000000076e200000,0x000000076e200000,0x0000000775e80000)
  from space 1024K, 9% used [0x00000007a2400000,0x00000007a2418000,0x00000007a2500000)
  to   space 1024K, 0% used [0x00000007a2500000,0x00000007a2500000,0x00000007a2600000)
 ParOldGen       total 167936K, used 14066K [0x00000006ca600000, 0x00000006d4a00000, 0x000000076e200000)
  object space 167936K, 8% used [0x00000006ca600000,0x00000006cb3bc928,0x00000006d4a00000)
 Metaspace       used 15396K, capacity 16097K, committed 16256K, reserved 1062912K
  class space    used 2003K, capacity 2349K, committed 2432K, reserved 1048576K
}
Event: 1580.338 GC heap before
{Heap before GC invocations=64 (full 0):
 PSYoungGen      total 128512K, used 127584K [0x000000076e200000, 0x00000007a2600000, 0x00000007c0000000)
  eden space 127488K, 100% used [0x000000076e200000,0x0000000775e80000,0x0000000775e80000)
  from space 1024K, 9% used [0x00000007a2400000,0x00000007a2418000,0x00000007a2500000)
  to   space 1024K, 0% used [0x00000007a2500000,0x00000007a2500000,0x00000007a2600000)
 ParOldGen       total 167936K, used 14066K [0x00000006ca600000, 0x00000006d4a00000, 0x000000076e200000)
  object space 167936K, 8% used [0x00000006ca600000,0x00000006cb3bc928,0x00000006d4a00000)
 Metaspace       used 15396K, capacity 16097K, committed 16256K, reserved 1062912K
  class space    used 2003K, capacity 2349K, committed 2432K, reserved 1048576K
Event: 1580.339 GC heap after
Heap after GC invocations=64 (full 0):
 PSYoungGen      total 153600K, used 128K [0x000000076e200000, 0x00000007a2580000, 0x00000007c0000000)
  eden space 153088K, 0% used [0x000000076e200000,0x000000076e200000,0x0000000777780000)
  from space 512K, 25% used [0x00000007a2500000,0x00000007a2520000,0x00000007a2580000)
  to   space 1024K, 0% used [0x00000007a2380000,0x00000007a2380000,0x00000007a2480000)
 ParOldGen       total 167936K, used 14074K [0x00000006ca600000, 0x00000006d4a00000, 0x000000076e200000)
  object space 167936K, 8% used [0x00000006ca600000,0x00000006cb3be928,0x00000006d4a00000)
 Metaspace       used 15396K, capacity 16097K, committed 16256K, reserved 1062912K
  class space    used 2003K, capacity 2349K, committed 2432K, reserved 1048576K
}
Event: 1580.464 GC heap before
{Heap before GC invocations=65 (full 0):
 PSYoungGen      total 153600K, used 153216K [0x000000076e200000, 0x00000007a2580000, 0x00000007c0000000)
  eden space 153088K, 100% used [0x000000076e200000,0x0000000777780000,0x0000000777780000)
  from space 512K, 25% used [0x00000007a2500000,0x00000007a2520000,0x00000007a2580000)
  to   space 1024K, 0% used [0x00000007a2380000,0x00000007a2380000,0x00000007a2480000)
 ParOldGen       total 167936K, used 14074K [0x00000006ca600000, 0x00000006d4a00000, 0x000000076e200000)
  object space 167936K, 8% used [0x00000006ca600000,0x00000006cb3be928,0x00000006d4a00000)
 Metaspace       used 15396K, capacity 16097K, committed 16256K, reserved 1062912K
  class space    used 2003K, capacity 2349K, committed 2432K, reserved 1048576K
Event: 1580.465 GC heap after
Heap after GC invocations=65 (full 0):
 PSYoungGen      total 148992K, used 224K [0x000000076e200000, 0x00000007a2580000, 0x00000007c0000000)
  eden space 147968K, 0% used [0x000000076e200000,0x000000076e200000,0x0000000777280000)
  from space 1024K, 21% used [0x00000007a2380000,0x00000007a23b8000,0x00000007a2480000)
  to   space 1024K, 0% used [0x00000007a2480000,0x00000007a2480000,0x00000007a2580000)
 ParOldGen       total 167936K, used 14074K [0x00000006ca600000, 0x00000006d4a00000, 0x000000076e200000)
  object space 167936K, 8% used [0x00000006ca600000,0x00000006cb3be928,0x00000006d4a00000)
 Metaspace       used 15396K, capacity 16097K, committed 16256K, reserved 1062912K
  class space    used 2003K, capacity 2349K, committed 2432K, reserved 1048576K
}
Event: 1580.575 GC heap before
{Heap before GC invocations=66 (full 0):
 PSYoungGen      total 148992K, used 148192K [0x000000076e200000, 0x00000007a2580000, 0x00000007c0000000)
  eden space 147968K, 100% used [0x000000076e200000,0x0000000777280000,0x0000000777280000)
  from space 1024K, 21% used [0x00000007a2380000,0x00000007a23b8000,0x00000007a2480000)
  to   space 1024K, 0% used [0x00000007a2480000,0x00000007a2480000,0x00000007a2580000)
 ParOldGen       total 167936K, used 14074K [0x00000006ca600000, 0x00000006d4a00000, 0x000000076e200000)
  object space 167936K, 8% used [0x00000006ca600000,0x00000006cb3be928,0x00000006d4a00000)
 Metaspace       used 15396K, capacity 16097K, committed 16256K, reserved 1062912K
  class space    used 2003K, capacity 2349K, committed 2432K, reserved 1048576K
Event: 1580.576 GC heap after
Heap after GC invocations=66 (full 0):
 PSYoungGen      total 143360K, used 160K [0x000000076e200000, 0x00000007a2500000, 0x00000007c0000000)
  eden space 142848K, 0% used [0x000000076e200000,0x000000076e200000,0x0000000776d80000)
  from space 512K, 31% used [0x00000007a2480000,0x00000007a24a8000,0x00000007a2500000)
  to   space 1024K, 0% used [0x00000007a2300000,0x00000007a2300000,0x00000007a2400000)
 ParOldGen       total 167936K, used 14074K [0x00000006ca600000, 0x00000006d4a00000, 0x000000076e200000)
  object space 167936K, 8% used [0x00000006ca600000,0x00000006cb3be928,0x00000006d4a00000)
 Metaspace       used 15396K, capacity 16097K, committed 16256K, reserved 1062912K
  class space    used 2003K, capacity 2349K, committed 2432K, reserved 1048576K
}
Event: 1580.683 GC heap before
{Heap before GC invocations=67 (full 0):
 PSYoungGen      total 143360K, used 143008K [0x000000076e200000, 0x00000007a2500000, 0x00000007c0000000)
  eden space 142848K, 100% used [0x000000076e200000,0x0000000776d80000,0x0000000776d80000)
  from space 512K, 31% used [0x00000007a2480000,0x00000007a24a8000,0x00000007a2500000)
  to   space 1024K, 0% used [0x00000007a2300000,0x00000007a2300000,0x00000007a2400000)
 ParOldGen       total 167936K, used 14074K [0x00000006ca600000, 0x00000006d4a00000, 0x000000076e200000)
  object space 167936K, 8% used [0x00000006ca600000,0x00000006cb3be928,0x00000006d4a00000)
 Metaspace       used 15396K, capacity 16097K, committed 16256K, reserved 1062912K
  class space    used 2003K, capacity 2349K, committed 2432K, reserved 1048576K
Event: 1580.684 GC heap after
Heap after GC invocations=67 (full 0):
 PSYoungGen      total 139264K, used 224K [0x000000076e200000, 0x00000007a2500000, 0x00000007c0000000)
  eden space 138240K, 0% used [0x000000076e200000,0x000000076e200000,0x0000000776900000)
  from space 1024K, 21% used [0x00000007a2300000,0x00000007a2338000,0x00000007a2400000)
  to   space 1024K, 0% used [0x00000007a2400000,0x00000007a2400000,0x00000007a2500000)
 ParOldGen       total 167936K, used 14074K [0x00000006ca600000, 0x00000006d4a00000, 0x000000076e200000)
  object space 167936K, 8% used [0x00000006ca600000,0x00000006cb3be928,0x00000006d4a00000)
 Metaspace       used 15396K, capacity 16097K, committed 16256K, reserved 1062912K
  class space    used 2003K, capacity 2349K, committed 2432K, reserved 1048576K
}

