# JRE version: OpenJDK Runtime Environment (Zulu 8.78.0.19-CA-linux64) (8.0_412-b08) (build 1.8.0_412-b08)
# Java VM: OpenJDK 64-Bit Server VM (25.412-b08 mixed mode linux-amd64 compressed oops)
Heap:
 PSYoungGen      total 890880K, used 890656K [0x000000076e200000, 0x00000007bb680000, 0x00000007c0000000)
  eden space 890368K, 100% used [0x000000076e200000,0x00000007a4780000,0x00000007a4780000)
  from space 512K, 56% used [0x00000007bb600000,0x00000007bb648000,0x00000007bb680000)
  to   space 13824K, 0% used [0x00000007b9b80000,0x00000007b9b80000,0x00000007ba900000)
 ParOldGen       total 167936K, used 13204K [0x00000006ca600000, 0x00000006d4a00000, 0x000000076e200000)
  object space 167936K, 7% used [0x00000006ca600000,0x00000006cb2e5058,0x00000006d4a00000)
 Metaspace       used 15490K, capacity 16167K, committed 16256K, reserved 1062912K
  class space    used 2011K, capacity 2350K, committed 2432K, reserved 1048576K
GC Heap History (10 events):
Event: 383.654 GC heap before
{Heap before GC invocations=14 (full 0):
 PSYoungGen      total 1147904K, used 1131872K [0x000000076e200000, 0x00000007be180000, 0x00000007c0000000)
  eden space 1131520K, 100% used [0x000000076e200000,0x00000007b3300000,0x00000007b3300000)
  from space 16384K, 2% used [0x00000007bc180000,0x00000007bc1d8000,0x00000007bd180000)
  to   space 15872K, 0% used [0x00000007bd200000,0x00000007bd200000,0x00000007be180000)
 ParOldGen       total 167936K, used 12814K [0x00000006ca600000, 0x00000006d4a00000, 0x000000076e200000)
  object space 167936K, 7% used [0x00000006ca600000,0x00000006cb283ba8,0x00000006d4a00000)
 Metaspace       used 15387K, capacity 16033K, committed 16256K, reserved 1062912K
  class space    used 2003K, capacity 2349K, committed 2432K, reserved 1048576K
Event: 383.655 GC heap after
Heap after GC invocations=14 (full 0):
 PSYoungGen      total 1078784K, used 384K [0x000000076e200000, 0x00000007bd280000, 0x00000007c0000000)
  eden space 1078272K, 0% used [0x000000076e200000,0x000000076e200000,0x00000007aff00000)
  from space 512K, 75% used [0x00000007bd200000,0x00000007bd260000,0x00000007bd280000)
  to   space 15872K, 0% used [0x00000007bb380000,0x00000007bb380000,0x00000007bc300000)
 ParOldGen       total 167936K, used 12814K [0x00000006ca600000, 0x00000006d4a00000, 0x000000076e200000)
  object space 167936K, 7% used [0x00000006ca600000,0x00000006cb283ba8,0x00000006d4a00000)
 Metaspace       used 15387K, capacity 16033K, committed 16256K, reserved 1062912K
  class space    used 2003K, capacity 2349K, committed 2432K, reserved 1048576K
}
Event: 394.077 GC heap before
{Heap before GC invocations=15 (full 0):
 PSYoungGen      total 1078784K, used 1078656K [0x000000076e200000, 0x00000007bd280000, 0x00000007c0000000)
  eden space 1078272K, 100% used [0x000000076e200000,0x00000007aff00000,0x00000007aff00000)
  from space 512K, 75% used [0x00000007bd200000,0x00000007bd260000,0x00000007bd280000)
  to   space 15872K, 0% used [0x00000007bb380000,0x00000007bb380000,0x00000007bc300000)
 ParOldGen       total 167936K, used 12814K [0x00000006ca600000, 0x00000006d4a00000, 0x000000076e200000)
  object space 167936K, 7% used [0x00000006ca600000,0x00000006cb283ba8,0x00000006d4a00000)
 Metaspace       used 15387K, capacity 16033K, committed 16256K, reserved 1062912K
  class space    used 2003K, capacity 2349K, committed 2432K, reserved 1048576K
Event: 394.078 GC heap after
Heap after GC invocations=15 (full 0):
 PSYoungGen      total 1043456K, used 736K [0x000000076e200000, 0x00000007bd280000, 0x00000007c0000000)
  eden space 1027584K, 0% used [0x000000076e200000,0x000000076e200000,0x00000007acd80000)
  from space 15872K, 4% used [0x00000007bb380000,0x00000007bb438000,0x00000007bc300000)
  to   space 15360K, 0% used [0x00000007bc380000,0x00000007bc380000,0x00000007bd280000)
 ParOldGen       total 167936K, used 12814K [0x00000006ca600000, 0x00000006d4a00000, 0x000000076e200000)
  object space 167936K, 7% used [0x00000006ca600000,0x00000006cb283ba8,0x00000006d4a00000)
 Metaspace       used 15387K, capacity 16033K, committed 16256K, reserved 1062912K
  class space    used 2003K, capacity 2349K, committed 2432K, reserved 1048576K
}
Event: 394.850 GC heap before
{Heap before GC invocations=16 (full 0):
 PSYoungGen      total 1043456K, used 1028320K [0x000000076e200000, 0x00000007bd280000, 0x00000007c0000000)
  eden space 1027584K, 100% used [0x000000076e200000,0x00000007acd80000,0x00000007acd80000)
  from space 15872K, 4% used [0x00000007bb380000,0x00000007bb438000,0x00000007bc300000)
  to   space 15360K, 0% used [0x00000007bc380000,0x00000007bc380000,0x00000007bd280000)
 ParOldGen       total 167936K, used 12814K [0x00000006ca600000, 0x00000006d4a00000, 0x000000076e200000)
  object space 167936K, 7% used [0x00000006ca600000,0x00000006cb283ba8,0x00000006d4a00000)
 Metaspace       used 15387K, capacity 16033K, committed 16256K, reserved 1062912K
  class space    used 2003K, capacity 2349K, committed 2432K, reserved 1048576K
Event: 394.852 GC heap after
Heap after GC invocations=16 (full 0):
 PSYoungGen      total 979968K, used 352K [0x000000076e200000, 0x00000007bc400000, 0x00000007c0000000)
  eden space 979456K, 0% used [0x000000076e200000,0x000000076e200000,0x00000007a9e80000)
  from space 512K, 68% used [0x00000007bc380000,0x00000007bc3d8000,0x00000007bc400000)
  to   space 14848K, 0% used [0x00000007ba700000,0x00000007ba700000,0x00000007bb580000)
 ParOldGen       total 167936K, used 13204K [0x00000006ca600000, 0x00000006d4a00000, 0x000000076e200000)
  object space 167936K, 7% used [0x00000006ca600000,0x00000006cb2e5058,0x00000006d4a00000)
 Metaspace       used 15387K, capacity 16033K, committed 16256K, reserved 1062912K
  class space    used 2003K, capacity 2349K, committed 2432K, reserved 1048576K
}
Event: 395.576 GC heap before
{Heap before GC invocations=17 (full 0):
 PSYoungGen      total 979968K, used 979808K [0x000000076e200000, 0x00000007bc400000, 0x00000007c0000000)
  eden space 979456K, 100% used [0x000000076e200000,0x00000007a9e80000,0x00000007a9e80000)
  from space 512K, 68% used [0x00000007bc380000,0x00000007bc3d8000,0x00000007bc400000)
  to   space 14848K, 0% used [0x00000007ba700000,0x00000007ba700000,0x00000007bb580000)
 ParOldGen       total 167936K, used 13204K [0x00000006ca600000, 0x00000006d4a00000, 0x000000076e200000)
  object space 167936K, 7% used [0x00000006ca600000,0x00000006cb2e5058,0x00000006d4a00000)
 Metaspace       used 15387K, capacity 16033K, committed 16256K, reserved 1062912K
  class space    used 2003K, capacity 2349K, committed 2432K, reserved 1048576K
Event: 395.577 GC heap after
Heap after GC invocations=17 (full 0):
 PSYoungGen      total 948736K, used 320K [0x000000076e200000, 0x00000007bc400000, 0x00000007c0000000)
  eden space 933888K, 0% used [0x000000076e200000,0x000000076e200000,0x00000007a7200000)
  from space 14848K, 2% used [0x00000007ba700000,0x00000007ba750000,0x00000007bb580000)
  to   space 14336K, 0% used [0x00000007bb600000,0x00000007bb600000,0x00000007bc400000)
 ParOldGen       total 167936K, used 13204K [0x00000006ca600000, 0x00000006d4a00000, 0x000000076e200000)
  object space 167936K, 7% used [0x00000006ca600000,0x00000006cb2e5058,0x00000006d4a00000)
 Metaspace       used 15387K, capacity 16033K, committed 16256K, reserved 1062912K
  class space    used 2003K, capacity 2349K, committed 2432K, reserved 1048576K
}
Event: 396.273 GC heap before
{Heap before GC invocations=18 (full 0):
 PSYoungGen      total 948736K, used 934208K [0x000000076e200000, 0x00000007bc400000, 0x00000007c0000000)
  eden space 933888K, 100% used [0x000000076e200000,0x00000007a7200000,0x00000007a7200000)
  from space 14848K, 2% used [0x00000007ba700000,0x00000007ba750000,0x00000007bb580000)
  to   space 14336K, 0% used [0x00000007bb600000,0x00000007bb600000,0x00000007bc400000)
 ParOldGen       total 167936K, used 13204K [0x00000006ca600000, 0x00000006d4a00000, 0x000000076e200000)
  object space 167936K, 7% used [0x00000006ca600000,0x00000006cb2e5058,0x00000006d4a00000)
 Metaspace       used 15387K, capacity 16033K, committed 16256K, reserved 1062912K
  class space    used 2003K, capacity 2349K, committed 2432K, reserved 1048576K
Event: 396.275 GC heap after
Heap after GC invocations=18 (full 0):
 PSYoungGen      total 890880K, used 288K [0x000000076e200000, 0x00000007bb680000, 0x00000007c0000000)
  eden space 890368K, 0% used [0x000000076e200000,0x000000076e200000,0x00000007a4780000)
  from space 512K, 56% used [0x00000007bb600000,0x00000007bb648000,0x00000007bb680000)
  to   space 13824K, 0% used [0x00000007b9b80000,0x00000007b9b80000,0x00000007ba900000)
 ParOldGen       total 167936K, used 13204K [0x00000006ca600000, 0x00000006d4a00000, 0x000000076e200000)
  object space 167936K, 7% used [0x00000006ca600000,0x00000006cb2e5058,0x00000006d4a00000)
 Metaspace       used 15387K, capacity 16033K, committed 16256K, reserved 1062912K
  class space    used 2003K, capacity 2349K, committed 2432K, reserved 1048576K
}

