# JRE version: OpenJDK Runtime Environment (Zulu 8.72.0.17-CA-linux64) (8.0_382-b05) (build 1.8.0_382-b05)
# Java VM: OpenJDK 64-Bit Server VM (25.382-b05 mixed mode linux-amd64 compressed oops)
Heap:
 PSYoungGen      total 69632K, used 65847K [0x000000076e300000, 0x0000000776f00000, 0x00000007c0000000)
  eden space 63488K, 94% used [0x000000076e300000,0x0000000771dad0b0,0x0000000772100000)
  from space 6144K, 93% used [0x0000000776900000,0x0000000776ea0ec8,0x0000000776f00000)
  to   space 10240K, 0% used [0x0000000775b00000,0x0000000775b00000,0x0000000776500000)
 ParOldGen       total 167936K, used 32K [0x00000006ca800000, 0x00000006d4c00000, 0x000000076e300000)
  object space 167936K, 0% used [0x00000006ca800000,0x00000006ca808000,0x00000006d4c00000)
 Metaspace       used 14170K, capacity 14791K, committed 15104K, reserved 1062912K
  class space    used 1884K, capacity 2220K, committed 2304K, reserved 1048576K
GC Heap History (4 events):
Event: 0.518 GC heap before
{Heap before GC invocations=1 (full 0):
 PSYoungGen      total 73728K, used 63488K [0x000000076e300000, 0x0000000773500000, 0x00000007c0000000)
  eden space 63488K, 100% used [0x000000076e300000,0x0000000772100000,0x0000000772100000)
  from space 10240K, 0% used [0x0000000772b00000,0x0000000772b00000,0x0000000773500000)
  to   space 10240K, 0% used [0x0000000772100000,0x0000000772100000,0x0000000772b00000)
 ParOldGen       total 167936K, used 0K [0x00000006ca800000, 0x00000006d4c00000, 0x000000076e300000)
  object space 167936K, 0% used [0x00000006ca800000,0x00000006ca800000,0x00000006d4c00000)
 Metaspace       used 13277K, capacity 13877K, committed 13952K, reserved 1060864K
  class space    used 1812K, capacity 2151K, committed 2176K, reserved 1048576K
Event: 0.524 GC heap after
Heap after GC invocations=1 (full 0):
 PSYoungGen      total 73728K, used 9571K [0x000000076e300000, 0x0000000777300000, 0x00000007c0000000)
  eden space 63488K, 0% used [0x000000076e300000,0x000000076e300000,0x0000000772100000)
  from space 10240K, 93% used [0x0000000772100000,0x0000000772a58c40,0x0000000772b00000)
  to   space 10240K, 0% used [0x0000000776900000,0x0000000776900000,0x0000000777300000)
 ParOldGen       total 167936K, used 24K [0x00000006ca800000, 0x00000006d4c00000, 0x000000076e300000)
  object space 167936K, 0% used [0x00000006ca800000,0x00000006ca806000,0x00000006d4c00000)
 Metaspace       used 13277K, capacity 13877K, committed 13952K, reserved 1060864K
  class space    used 1812K, capacity 2151K, committed 2176K, reserved 1048576K
}
Event: 1.167 GC heap before
{Heap before GC invocations=2 (full 0):
 PSYoungGen      total 73728K, used 73059K [0x000000076e300000, 0x0000000777300000, 0x00000007c0000000)
  eden space 63488K, 100% used [0x000000076e300000,0x0000000772100000,0x0000000772100000)
  from space 10240K, 93% used [0x0000000772100000,0x0000000772a58c40,0x0000000772b00000)
  to   space 10240K, 0% used [0x0000000776900000,0x0000000776900000,0x0000000777300000)
 ParOldGen       total 167936K, used 24K [0x00000006ca800000, 0x00000006d4c00000, 0x000000076e300000)
  object space 167936K, 0% used [0x00000006ca800000,0x00000006ca806000,0x00000006d4c00000)
 Metaspace       used 14028K, capacity 14599K, committed 14848K, reserved 1062912K
  class space    used 1876K, capacity 2220K, committed 2304K, reserved 1048576K
Event: 1.169 GC heap after
Heap after GC invocations=2 (full 0):
 PSYoungGen      total 69632K, used 5763K [0x000000076e300000, 0x0000000776f00000, 0x00000007c0000000)
  eden space 63488K, 0% used [0x000000076e300000,0x000000076e300000,0x0000000772100000)
  from space 6144K, 93% used [0x0000000776900000,0x0000000776ea0ec8,0x0000000776f00000)
  to   space 10240K, 0% used [0x0000000775b00000,0x0000000775b00000,0x0000000776500000)
 ParOldGen       total 167936K, used 32K [0x00000006ca800000, 0x00000006d4c00000, 0x000000076e300000)
  object space 167936K, 0% used [0x00000006ca800000,0x00000006ca808000,0x00000006d4c00000)
 Metaspace       used 14028K, capacity 14599K, committed 14848K, reserved 1062912K
  class space    used 1876K, capacity 2220K, committed 2304K, reserved 1048576K
}

